<?xml version="1.0" encoding="UTF-8"?>
<testsuite xmlns:xsi="http://www.w3.org/2001/XMLSchema-instance" xsi:noNamespaceSchemaLocation="https://maven.apache.org/surefire/maven-surefire-plugin/xsd/surefire-test-report.xsd" name="com.example.NumberRangeSummarizerImplTest" time="0.016" tests="15" errors="0" skipped="0" failures="0">
  <properties>
[...]
</properties>
  <testcase name="summarizeCollection_SingleNumber_ReturnsNumber" classname="com.example.NumberRangeSummarizerImplTest" time="0.008"/>
  <testcase name="collect_InputWithWhitespace_ReturnsParsedNumbers" classname="com.example.NumberRangeSummarizerImplTest" time="0"/>
  <testcase name="summarizeCollection_NoConsecutiveNumbers_ReturnsCommaSeparated" classname="com.example.NumberRangeSummarizerImplTest" time="0.001"/>
  <testcase name="summarizeCollection_ValidInput_ReturnsCorrectSummary" classname="com.example.NumberRangeSummarizerImplTest" time="0"/>
  <testcase name="summarizeCollection_NullInput_ReturnsEmptyString" classname="com.example.NumberRangeSummarizerImplTest" time="0"/>
  <testcase name="collect_InputWithDuplicates_ReturnsUniqueSortedCollection" classname="com.example.NumberRangeSummarizerImplTest" time="0"/>
  <testcase name="summarizeCollection_EmptyCollection_ReturnsEmptyString" classname="com.example.NumberRangeSummarizerImplTest" time="0"/>
  <testcase name="summarizeCollection_AllConsecutiveNumbers_ReturnsSingleRange" classname="com.example.NumberRangeSummarizerImplTest" time="0"/>
  <testcase name="summarizeCollection_UnsortedInput_ReturnsSortedSummary" classname="com.example.NumberRangeSummarizerImplTest" time="0"/>
  <testcase name="collect_ValidInput_ReturnsSortedUniqueCollection" classname="com.example.NumberRangeSummarizerImplTest" time="0"/>
  <testcase name="collect_EmptyInput_ReturnsEmptyCollection" classname="com.example.NumberRangeSummarizerImplTest" time="0"/>
  <testcase name="summarizeCollection_InputWithDuplicates_IgnoresDuplicates" classname="com.example.NumberRangeSummarizerImplTest" time="0"/>
  <testcase name="collect_InputWithEmptyTokens_IgnoresEmptyTokens" classname="com.example.NumberRangeSummarizerImplTest" time="0"/>
  <testcase name="collect_NullInput_ReturnsEmptyCollection" classname="com.example.NumberRangeSummarizerImplTest" time="0"/>
  <testcase name="collect_InvalidNumber_ThrowsIllegalArgumentException" classname="com.example.NumberRangeSummarizerImplTest" time="0"/>
</testsuite>